{
  "RSpec": {
    "coverage": {
      "/home/horacio/test/sinatra-demo/server.rb": [
        1,
        1,
        null,
        1,
        1,
        null,
        1,
        1,
        null,
        null,
        1,
        1,
        null,
        null,
        null,
        1,
        0,
        null,
        null,
        1,
        0,
        0,
        null,
        null
      ],
      "/home/horacio/test/sinatra-demo/app/routes/test.rb": [
        1,
        1,
        2,
        null,
        null
      ]
    },
    "timestamp": 1505391441
  }
}
